mode: set
github.com/vkhoa145/facebook-mini-api/app/modules/users/repository/check_existed_email.go:7.56,11.25 3 0
github.com/vkhoa145/facebook-mini-api/app/modules/users/repository/check_existed_email.go:11.25,13.3 1 0
github.com/vkhoa145/facebook-mini-api/app/modules/users/repository/check_existed_email.go:15.2,15.32 1 0
github.com/vkhoa145/facebook-mini-api/app/modules/users/repository/create_login_token.go:8.116,15.37 3 0
github.com/vkhoa145/facebook-mini-api/app/modules/users/repository/create_login_token.go:15.37,17.3 1 0
github.com/vkhoa145/facebook-mini-api/app/modules/users/repository/create_login_token.go:19.2,19.17 1 0
github.com/vkhoa145/facebook-mini-api/app/modules/users/repository/create_user.go:8.84,10.29 2 1
github.com/vkhoa145/facebook-mini-api/app/modules/users/repository/create_user.go:10.29,12.3 1 1
github.com/vkhoa145/facebook-mini-api/app/modules/users/repository/create_user.go:14.2,14.18 1 1
github.com/vkhoa145/facebook-mini-api/app/modules/users/repository/repository.go:20.67,25.2 1 0
